<?xml version="1.0" encoding="UTF-8"?>
<testng-results ignored="0" total="1" passed="1" failed="0" skipped="0">
  <reporter-output>
    <line>
      <![CDATA[Setting up reports and  Test is getting ready]]>
    </line>
    <line>
      <![CDATA[Settings done , test can be started ]]>
    </line>
    <line>
      <![CDATA[Trying to start browser and Getting application ready ]]>
    </line>
    <line>
      <![CDATA[Browser and application is up and running]]>
    </line>
    <line>
      <![CDATA[Test is about to end]]>
    </line>
    <line>
      <![CDATA[Test completed>>> reports Generated]]>
    </line>
  </reporter-output>
  <suite started-at="2024-10-15T04:15:13Z" name="Suite" finished-at="2024-10-15T04:15:24Z" duration-ms="10545">
    <groups>
    </groups>
    <test started-at="2024-10-15T04:15:13Z" name="Test" finished-at="2024-10-15T04:15:24Z" duration-ms="10545">
      <class name="com.LearnAutomation.testcases.LoginTestOrangeHRM">
        <test-method is-config="true" signature="setupSuite()[pri:0, instance:com.LearnAutomation.testcases.LoginTestOrangeHRM@231f98ef]" started-at="2024-10-15T09:45:13Z" name="setupSuite" finished-at="2024-10-15T09:45:13Z" duration-ms="517" status="PASS">
          <reporter-output>
            <line>
              <![CDATA[Setting up reports and  Test is getting ready]]>
            </line>
            <line>
              <![CDATA[Settings done , test can be started ]]>
            </line>
          </reporter-output>
        </test-method> <!-- setupSuite -->
        <test-method is-config="true" signature="setup()[pri:0, instance:com.LearnAutomation.testcases.LoginTestOrangeHRM@231f98ef]" started-at="2024-10-15T09:45:13Z" name="setup" finished-at="2024-10-15T09:45:17Z" duration-ms="3650" status="PASS">
          <reporter-output>
            <line>
              <![CDATA[Trying to start browser and Getting application ready ]]>
            </line>
            <line>
              <![CDATA[Browser and application is up and running]]>
            </line>
          </reporter-output>
        </test-method> <!-- setup -->
        <test-method signature="startApp()[pri:0, instance:com.LearnAutomation.testcases.LoginTestOrangeHRM@231f98ef]" started-at="2024-10-15T09:45:17Z" name="startApp" finished-at="2024-10-15T09:45:23Z" duration-ms="6355" status="PASS">
          <reporter-output>
          </reporter-output>
        </test-method> <!-- startApp -->
        <test-method is-config="true" signature="tearDownMethod(org.testng.ITestResult)[pri:0, instance:com.LearnAutomation.testcases.LoginTestOrangeHRM@231f98ef]" started-at="2024-10-15T09:45:23Z" name="tearDownMethod" finished-at="2024-10-15T09:45:23Z" duration-ms="385" status="PASS">
          <params>
            <param index="0">
              <value>
                <![CDATA[[TestResult name=startApp status=SUCCESS method=LoginTestOrangeHRM.startApp()[pri:0, instance:com.LearnAutomation.testcases.LoginTestOrangeHRM@231f98ef] output={null}]]]>
              </value>
            </param>
          </params>
          <reporter-output>
            <line>
              <![CDATA[Test is about to end]]>
            </line>
            <line>
              <![CDATA[Test completed>>> reports Generated]]>
            </line>
          </reporter-output>
        </test-method> <!-- tearDownMethod -->
        <test-method is-config="true" signature="tearDown()[pri:0, instance:com.LearnAutomation.testcases.LoginTestOrangeHRM@231f98ef]" started-at="2024-10-15T09:45:23Z" name="tearDown" finished-at="2024-10-15T09:45:24Z" duration-ms="144" status="PASS">
          <reporter-output>
          </reporter-output>
        </test-method> <!-- tearDown -->
      </class> <!-- com.LearnAutomation.testcases.LoginTestOrangeHRM -->
    </test> <!-- Test -->
  </suite> <!-- Suite -->
</testng-results>
